{"time":"2024-08-04T21:20:26.244036865+05:30","level":"INFO","msg":"Parsing config file"}
{"time":"2024-08-04T21:20:26.244210324+05:30","level":"INFO","msg":"Config file parsed successfully"}
{"time":"2024-08-04T21:20:26.24422256+05:30","level":"INFO","msg":"Creating Proxies"}
{"time":"2024-08-04T21:20:26.244231364+05:30","level":"INFO","msg":"Creating Round Robin Load Balancer"}
{"time":"2024-08-04T21:20:26.2442439+05:30","level":"INFO","msg":"Server Added","Url":"http://localhost:3001"}
{"time":"2024-08-04T21:20:26.244257371+05:30","level":"INFO","msg":"Server Added","Url":"http://localhost:3002"}
{"time":"2024-08-04T21:20:26.244264242+05:30","level":"INFO","msg":"Proxies created successfully"}
{"time":"2024-08-04T21:20:26.244270519+05:30","level":"INFO","msg":"Starting Thanos Server"}
{"time":"2024-08-04T21:21:45.923169411+05:30","level":"INFO","msg":"Parsing config file"}
{"time":"2024-08-04T21:21:45.923350486+05:30","level":"INFO","msg":"Config file parsed successfully"}
{"time":"2024-08-04T21:21:45.923366724+05:30","level":"INFO","msg":"Creating Proxies"}
{"time":"2024-08-04T21:21:45.923379649+05:30","level":"INFO","msg":"Creating Round Robin Load Balancer"}
{"time":"2024-08-04T21:21:45.923396369+05:30","level":"INFO","msg":"Server Added","Url":"http://localhost:3001"}
{"time":"2024-08-04T21:21:45.923410455+05:30","level":"INFO","msg":"Server Added","Url":"http://localhost:3002"}
{"time":"2024-08-04T21:21:45.923421138+05:30","level":"INFO","msg":"Proxies created successfully"}
{"time":"2024-08-04T21:21:45.923430726+05:30","level":"INFO","msg":"Starting Thanos Server"}
{"time":"2024-08-04T21:28:32.596393506+05:30","level":"INFO","msg":"Parsing config file"}
{"time":"2024-08-04T21:28:32.596511565+05:30","level":"INFO","msg":"Config file parsed successfully"}
{"time":"2024-08-04T21:28:32.596519785+05:30","level":"INFO","msg":"Creating Proxies"}
{"time":"2024-08-04T21:28:32.596525968+05:30","level":"INFO","msg":"Creating Round Robin Load Balancer"}
{"time":"2024-08-04T21:28:32.59653499+05:30","level":"INFO","msg":"Server Added","Url":"http://localhost:3001"}
{"time":"2024-08-04T21:28:32.59654318+05:30","level":"INFO","msg":"Server Added","Url":"http://localhost:3002"}
{"time":"2024-08-04T21:28:32.596548267+05:30","level":"INFO","msg":"Proxies created successfully"}
{"time":"2024-08-04T21:28:32.596553113+05:30","level":"INFO","msg":"Starting Thanos Server"}
{"time":"2024-08-04T21:29:20.603318007+05:30","level":"INFO","msg":"Parsing config file"}
{"time":"2024-08-04T21:29:20.603459083+05:30","level":"INFO","msg":"Config file parsed successfully"}
{"time":"2024-08-04T21:29:20.603474664+05:30","level":"INFO","msg":"Creating Proxies"}
{"time":"2024-08-04T21:29:20.603485867+05:30","level":"INFO","msg":"Creating Round Robin Load Balancer"}
{"time":"2024-08-04T21:29:20.603501123+05:30","level":"INFO","msg":"Server Added","Url":"http://localhost:3001"}
{"time":"2024-08-04T21:29:20.603514486+05:30","level":"INFO","msg":"Server Added","Url":"http://localhost:3002"}
{"time":"2024-08-04T21:29:20.60352491+05:30","level":"INFO","msg":"Proxies created successfully"}
{"time":"2024-08-04T21:29:20.60353403+05:30","level":"INFO","msg":"Starting Thanos Server"}
{"time":"2024-08-04T21:29:20.603574707+05:30","level":"INFO","msg":"Server Running at port 3000"}
{"time":"2024-08-04T21:55:31.003444235+05:30","level":"INFO","msg":"Parsing config file"}
{"time":"2024-08-04T21:55:31.003534799+05:30","level":"INFO","msg":"Config file parsed successfully"}
{"time":"2024-08-04T21:55:31.003540561+05:30","level":"INFO","msg":"Creating Proxies"}
{"time":"2024-08-04T21:55:31.003544811+05:30","level":"INFO","msg":"Creating Round Robin Load Balancer"}
{"time":"2024-08-04T21:55:31.003551464+05:30","level":"INFO","msg":"Server Added","Url":"http://localhost:3001"}
{"time":"2024-08-04T21:55:31.003557091+05:30","level":"INFO","msg":"Server Added","Url":"http://localhost:3002"}
{"time":"2024-08-04T21:55:31.003560749+05:30","level":"INFO","msg":"Proxies created successfully"}
{"time":"2024-08-04T21:55:31.003564205+05:30","level":"INFO","msg":"Starting Thanos Server"}
{"time":"2024-08-04T21:55:31.003590754+05:30","level":"INFO","msg":"Server Running at port 3000"}
{"time":"2024-08-04T22:00:09.444719489+05:30","level":"INFO","msg":"Parsing config file"}
{"time":"2024-08-04T22:00:09.444822494+05:30","level":"INFO","msg":"Config file parsed successfully"}
{"time":"2024-08-04T22:00:09.444830711+05:30","level":"INFO","msg":"Creating Proxies"}
{"time":"2024-08-04T22:00:09.444836817+05:30","level":"INFO","msg":"Creating Round Robin Load Balancer"}
{"time":"2024-08-04T22:00:09.44484599+05:30","level":"INFO","msg":"Server Added","Url":"http://localhost:3001"}
{"time":"2024-08-04T22:00:09.444854183+05:30","level":"INFO","msg":"Server Added","Url":"http://localhost:3002"}
{"time":"2024-08-04T22:00:09.444859538+05:30","level":"INFO","msg":"Proxies created successfully"}
{"time":"2024-08-04T22:00:09.444864478+05:30","level":"INFO","msg":"Starting Thanos Server"}
{"time":"2024-08-04T22:00:09.444898362+05:30","level":"INFO","msg":"Server Running at port 3000"}
{"time":"2024-08-04T22:00:54.129413258+05:30","level":"INFO","msg":"Parsing config file"}
{"time":"2024-08-04T22:00:54.129500546+05:30","level":"INFO","msg":"Config file parsed successfully"}
{"time":"2024-08-04T22:00:54.129507762+05:30","level":"INFO","msg":"Creating Proxies"}
{"time":"2024-08-04T22:00:54.129511248+05:30","level":"INFO","msg":"Creating Round Robin Load Balancer"}
{"time":"2024-08-04T22:00:54.129517504+05:30","level":"INFO","msg":"Server Added","Url":"http://localhost:3001"}
{"time":"2024-08-04T22:00:54.1295248+05:30","level":"INFO","msg":"Server Added","Url":"http://localhost:3002"}
{"time":"2024-08-04T22:00:54.129528368+05:30","level":"INFO","msg":"Proxies created successfully"}
{"time":"2024-08-04T22:00:54.129531599+05:30","level":"INFO","msg":"Starting Thanos Server"}
{"time":"2024-08-04T22:00:54.129555154+05:30","level":"INFO","msg":"Server Running at port 3000"}
{"time":"2024-08-04T22:01:24.035367293+05:30","level":"INFO","msg":"Parsing config file"}
{"time":"2024-08-04T22:01:24.035468285+05:30","level":"INFO","msg":"Config file parsed successfully"}
{"time":"2024-08-04T22:01:24.035477308+05:30","level":"INFO","msg":"Creating Proxies"}
{"time":"2024-08-04T22:01:24.035482684+05:30","level":"INFO","msg":"Creating Round Robin Load Balancer"}
{"time":"2024-08-04T22:01:24.03549198+05:30","level":"INFO","msg":"Server Added","Url":"http://localhost:3001"}
{"time":"2024-08-04T22:01:24.035501794+05:30","level":"INFO","msg":"Server Added","Url":"http://localhost:3002"}
{"time":"2024-08-04T22:01:24.035508079+05:30","level":"INFO","msg":"Proxies created successfully"}
{"time":"2024-08-04T22:01:24.03551337+05:30","level":"INFO","msg":"Starting Thanos Server"}
{"time":"2024-08-04T22:01:24.035546372+05:30","level":"INFO","msg":"Server Running at port 3000"}
{"time":"2024-08-04T22:02:03.922585319+05:30","level":"INFO","msg":"Parsing config file"}
{"time":"2024-08-04T22:02:03.922680646+05:30","level":"INFO","msg":"Config file parsed successfully"}
{"time":"2024-08-04T22:02:03.922689144+05:30","level":"INFO","msg":"Creating Proxies"}
{"time":"2024-08-04T22:02:03.922693477+05:30","level":"INFO","msg":"Creating Round Robin Load Balancer"}
{"time":"2024-08-04T22:02:03.922700451+05:30","level":"INFO","msg":"Server Added","Url":"http://localhost:3001"}
{"time":"2024-08-04T22:02:03.922708546+05:30","level":"INFO","msg":"Server Added","Url":"http://localhost:3002"}
{"time":"2024-08-04T22:02:03.922713247+05:30","level":"INFO","msg":"Proxies created successfully"}
{"time":"2024-08-04T22:02:03.922717701+05:30","level":"INFO","msg":"Starting Thanos Server"}
{"time":"2024-08-04T22:02:03.92274529+05:30","level":"INFO","msg":"Server Running at port 3000"}
{"time":"2024-08-04T22:02:15.822022372+05:30","level":"INFO","msg":"Completed Request c402feb3-4e65-4db5-bf44-d669974d1ccf","response time":"2.004675568s"}
{"time":"2024-08-04T22:02:46.50396469+05:30","level":"INFO","msg":"Completed Request cfb6cbf5-3446-4318-a64c-4b2cb48c125b","response time":"2.01206407s"}
{"time":"2024-08-04T22:02:49.38590289+05:30","level":"INFO","msg":"Completed Request 77db48ca-c688-4caf-bc76-b71a39f9eb5e","response time":"2.0033224s"}
{"time":"2024-08-04T22:02:52.370882148+05:30","level":"INFO","msg":"Completed Request a9bf9455-3f9e-4da3-bcf0-bb6e498fec49","response time":"2.002507784s"}
{"time":"2024-08-04T22:03:47.28723612+05:30","level":"INFO","msg":"Completed Request f8a660df-7306-4446-81d1-6933993d3d03","response time":"2.004542855s"}
{"time":"2024-08-04T22:03:49.293327923+05:30","level":"INFO","msg":"Completed Request 1cb3bb71-1020-4a3a-ab92-e8762b458491","response time":"2.004790281s"}
{"time":"2024-08-04T22:03:49.294345083+05:30","level":"INFO","msg":"Completed Request ff2ff5dd-f7c5-452b-94d5-d0e259ff5d5f","response time":"2.005720643s"}
{"time":"2024-08-04T22:03:49.29461466+05:30","level":"INFO","msg":"Completed Request 8050af1b-f2ea-41f5-baa7-b38b7a9068e5","response time":"2.006078459s"}
{"time":"2024-08-04T22:03:49.295375865+05:30","level":"INFO","msg":"Completed Request 0b9e7499-5a8c-4829-9304-3ac41ba81641","response time":"2.006338363s"}
{"time":"2024-08-04T22:03:49.29596561+05:30","level":"INFO","msg":"Completed Request bc05d679-2ec8-4564-b430-92a3d606ae7a","response time":"2.007356819s"}
{"time":"2024-08-04T22:03:49.296890943+05:30","level":"INFO","msg":"Completed Request f09c5333-3735-49b4-936d-aff87226c8ba","response time":"2.007597387s"}
{"time":"2024-08-04T22:03:49.297304608+05:30","level":"INFO","msg":"Completed Request 959924d4-7aba-412a-aa71-3c94cb55b2d6","response time":"2.008513894s"}
{"time":"2024-08-04T22:03:49.29814937+05:30","level":"INFO","msg":"Completed Request 9292d7e0-ff7c-4190-9c00-fb52e26fead8","response time":"2.009016949s"}
{"time":"2024-08-04T22:03:49.298679069+05:30","level":"INFO","msg":"Completed Request 35b55366-1415-4cc0-9ef8-abf5841e0c56","response time":"2.009365107s"}
